Arguments: 
  /Users/weiya/.nvm/versions/node/v10.24.1/bin/node /Users/weiya/.nvm/versions/node/v10.24.1/bin/yarn add gitbook

PATH: 
  /Users/weiya/.nvm/versions/node/v10.24.1/bin:/opt/homebrew/bin:/opt/homebrew/sbin:/usr/local/bin:/usr/bin:/bin:/usr/sbin:/sbin:/usr/local/munki:/Library/Apple/usr/bin

Yarn version: 
  1.22.11

Node version: 
  10.24.1

Platform: 
  darwin x64

Trace: 
  Error: getaddrinfo ENOTFOUND npm.intra.xiaojukeji.com npm.intra.xiaojukeji.com:80
      at GetAddrInfoReqWrap.onlookup [as oncomplete] (dns.js:56:26)

npm manifest: 
  {
    "name": "metamaste_gitbook",
    "version": "1.0.0",
    "description": "",
    "main": "index.js",
    "scripts": {
      "test": "echo \"Error: no test specified\" && exit 1",
      "dev": "gitbook serve",
      "build": "gitbook build"
  
    },
    "repository": {
      "type": "git",
      "url": "git+https://github.com/VyaWave/metamast_gitbook.git"
    },
    "author": "",
    "license": "ISC",
    "bugs": {
      "url": "https://github.com/VyaWave/metamast_gitbook/issues"
    },
    "homepage": "https://github.com/VyaWave/metamast_gitbook#readme"
  }

yarn manifest: 
  No manifest

Lockfile: 
  # THIS IS AN AUTOGENERATED FILE. DO NOT EDIT THIS FILE DIRECTLY.
  # yarn lockfile v1
